2022-12-12 16:19:57,046 INFO Main [main] com.solvd.airport.myLinkedList.MyLinkedList@5403f35f
2022-12-12 16:19:57,062 INFO Main [main] List Of coutry [Country{name='Belarus', city='Minsk'}, Country{name='Poland', city='Warshawa'}, Country{name='Russia', city='Sochi'}]:
2022-12-12 16:19:57,068 INFO Main [main] List Of pilot [Person{nameOfPerson='Павел', surnameOfPerson='Кичкайло'}, Person{nameOfPerson='Василий', surnameOfPerson='Зарницкий'}]:
2022-12-12 16:19:57,076 INFO Main [main] List of available aircraft [Plane{modelPlane=345, maxSpeedPlane=6125, maxWeight=590}, Plane{modelPlane=2345, maxSpeedPlane=7200, maxWeight=769}]:
2022-12-12 16:19:57,076 INFO Main [main] Enter country:
2022-12-12 16:20:51,358 INFO Main [main] MyLinkedList{head=com.solvd.airport.myLinkedList.MyLinkedList$Node@5403f35f}
2022-12-12 16:20:51,366 INFO Main [main] List Of coutry [Country{name='Belarus', city='Minsk'}, Country{name='Poland', city='Warshawa'}, Country{name='Russia', city='Sochi'}]:
2022-12-12 16:20:51,371 INFO Main [main] List Of pilot [Person{nameOfPerson='Павел', surnameOfPerson='Кичкайло'}, Person{nameOfPerson='Василий', surnameOfPerson='Зарницкий'}]:
2022-12-12 16:20:51,371 INFO Main [main] List of available aircraft [Plane{modelPlane=345, maxSpeedPlane=6125, maxWeight=590}, Plane{modelPlane=2345, maxSpeedPlane=7200, maxWeight=769}]:
2022-12-12 16:20:51,380 INFO Main [main] Enter country:
2022-12-12 16:21:41,433 INFO Main [main] MyLinkedList{head=com.solvd.airport.myLinkedList.MyLinkedList$Node@50ad3bc1}
2022-12-12 16:21:41,433 INFO Main [main] List Of coutry [Country{name='Belarus', city='Minsk'}, Country{name='Poland', city='Warshawa'}, Country{name='Russia', city='Sochi'}]:
2022-12-12 16:21:41,442 INFO Main [main] List Of pilot [Person{nameOfPerson='Павел', surnameOfPerson='Кичкайло'}, Person{nameOfPerson='Василий', surnameOfPerson='Зарницкий'}]:
2022-12-12 16:21:41,448 INFO Main [main] List of available aircraft [Plane{modelPlane=345, maxSpeedPlane=6125, maxWeight=590}, Plane{modelPlane=2345, maxSpeedPlane=7200, maxWeight=769}]:
2022-12-12 16:21:41,448 INFO Main [main] Enter country:
2022-12-12 16:22:16,788 INFO Main [main] com.solvd.airport.myLinkedList.MyLinkedList@50ad3bc1
2022-12-12 16:22:16,788 INFO Main [main] List Of coutry [Country{name='Belarus', city='Minsk'}, Country{name='Poland', city='Warshawa'}, Country{name='Russia', city='Sochi'}]:
2022-12-12 16:22:16,796 INFO Main [main] List Of pilot [Person{nameOfPerson='Павел', surnameOfPerson='Кичкайло'}, Person{nameOfPerson='Василий', surnameOfPerson='Зарницкий'}]:
2022-12-12 16:22:16,796 INFO Main [main] List of available aircraft [Plane{modelPlane=345, maxSpeedPlane=6125, maxWeight=590}, Plane{modelPlane=2345, maxSpeedPlane=7200, maxWeight=769}]:
2022-12-12 16:22:16,804 INFO Main [main] Enter country:
2022-12-12 16:28:41,964 INFO Main [main] List Of coutry [Country{name='Belarus', city='Minsk'}, Country{name='Poland', city='Warshawa'}, Country{name='Russia', city='Sochi'}]:
2022-12-12 16:28:41,967 INFO Main [main] List Of pilot [Person{nameOfPerson='Павел', surnameOfPerson='Кичкайло'}, Person{nameOfPerson='Василий', surnameOfPerson='Зарницкий'}]:
2022-12-12 16:28:41,973 INFO Main [main] List of available aircraft [Plane{modelPlane=345, maxSpeedPlane=6125, maxWeight=590}, Plane{modelPlane=2345, maxSpeedPlane=7200, maxWeight=769}]:
2022-12-12 16:28:41,976 INFO Main [main] Enter country:
2022-12-12 16:29:14,709 INFO Main [main] List Of coutry [Country{name='Belarus', city='Minsk'}, Country{name='Poland', city='Warshawa'}, Country{name='Russia', city='Sochi'}]:
2022-12-12 16:29:14,712 INFO Main [main] List Of pilot [Person{nameOfPerson='Павел', surnameOfPerson='Кичкайло'}, Person{nameOfPerson='Василий', surnameOfPerson='Зарницкий'}]:
2022-12-12 16:29:14,718 INFO Main [main] List of available aircraft [Plane{modelPlane=345, maxSpeedPlane=6125, maxWeight=590}, Plane{modelPlane=2345, maxSpeedPlane=7200, maxWeight=769}]:
2022-12-12 16:29:14,721 INFO Main [main] Enter country:
2022-12-12 16:30:31,241 INFO Main [main] List Of coutry [Country{name='Belarus', city='Minsk'}, Country{name='Poland', city='Warshawa'}, Country{name='Russia', city='Sochi'}]:
2022-12-12 16:30:31,246 INFO Main [main] List Of pilot [Person{nameOfPerson='Павел', surnameOfPerson='Кичкайло'}, Person{nameOfPerson='Василий', surnameOfPerson='Зарницкий'}]:
2022-12-12 16:30:31,252 INFO Main [main] List of available aircraft [Plane{modelPlane=345, maxSpeedPlane=6125, maxWeight=590}, Plane{modelPlane=2345, maxSpeedPlane=7200, maxWeight=769}]:
2022-12-12 16:30:31,254 INFO Main [main] Enter country:
2022-12-12 16:41:12,050 INFO Main [main] List Of coutry [Country{name='Belarus', city='Minsk'}, Country{name='Poland', city='Warshawa'}, Country{name='Russia', city='Sochi'}]:
2022-12-12 16:41:12,054 INFO Main [main] List Of pilot [Person{nameOfPerson='Павел', surnameOfPerson='Кичкайло'}, Person{nameOfPerson='Василий', surnameOfPerson='Зарницкий'}]:
2022-12-12 16:41:12,061 INFO Main [main] List of available aircraft [Plane{modelPlane=345, maxSpeedPlane=6125, maxWeight=590}, Plane{modelPlane=2345, maxSpeedPlane=7200, maxWeight=769}]:
2022-12-12 16:41:12,063 INFO Main [main] Enter country:
